<?xml version="1.0" encoding="UTF-8"?>
<!-- Generated by org.testng.reporters.JUnitReportReporter -->
<testsuite hostname="DESKTOP-4A1G1BH" failures="0" tests="2" name="com.learning.testng.CrossBrowser" time="18.696" errors="0" timestamp="2023-11-07T12:02:13 IST" skipped="0">
  <testcase classname="com.learning.testng.CrossBrowser" name="validateTitle" time="7.641"/>
  <system-out/>
  <testcase classname="com.learning.testng.CrossBrowser" name="validateTitle" time="11.055"/>
  <system-out/>
</testsuite> <!-- com.learning.testng.CrossBrowser -->
