<?xml version="1.0" encoding="UTF-8"?>
<!-- Generated by org.testng.reporters.JUnitReportReporter -->
<testsuite hostname="DESKTOP-4A1G1BH" failures="0" tests="2" name="com.learning.testng.TestNGGroup1" time="0.027" errors="0" timestamp="2023-11-01T20:11:08 IST" skipped="0">
  <testcase classname="com.learning.testng.TestNGGroup1" name="testCase1" time="0.020"/>
  <system-out/>
  <testcase classname="com.learning.testng.TestNGGroup1" name="testCase3" time="0.007"/>
  <system-out/>
</testsuite> <!-- com.learning.testng.TestNGGroup1 -->
