<?xml version="1.0" encoding="UTF-8"?>
<!-- Generated by org.testng.reporters.JUnitReportReporter -->
<testsuite hostname="DESKTOP-4A1G1BH" failures="0" tests="2" name="com.learning.testng.TestNGW3schools" time="19.541" errors="0" timestamp="2023-11-07T11:57:05 IST" skipped="1">
  <testcase classname="com.learning.testng.TestNGW3schools" name="test_case2" time="19.541"/>
  <system-out/>
  <testcase classname="com.learning.testng.TestNGW3schools" name="test_tase1">
    <skipped/>
  </testcase> <!-- test_tase1 -->
  <system-out/>
</testsuite> <!-- com.learning.testng.TestNGW3schools -->
