<?xml version="1.0" encoding="UTF-8"?>
<!-- Generated by org.testng.reporters.JUnitReportReporter -->
<testsuite hostname="DESKTOP-4A1G1BH" failures="0" tests="1" name="com.learning.testng.W3schools" time="12.503" errors="0" timestamp="2023-11-07T10:39:56 IST" skipped="0">
  <testcase classname="com.learning.testng.W3schools" name="signup" time="12.503"/>
  <system-out/>
</testsuite> <!-- com.learning.testng.W3schools -->
