<?xml version="1.0" encoding="UTF-8"?>
<!-- Generated by org.testng.reporters.JUnitReportReporter -->
<testsuite hostname="DESKTOP-4A1G1BH" failures="0" tests="3" name="com.learning.testng.TestNGInvocation" time="17.876" errors="0" timestamp="2023-11-02T10:39:19 IST" skipped="0">
  <testcase classname="com.learning.testng.TestNGInvocation" name="launchFacebook" time="6.545"/>
  <system-out/>
  <testcase classname="com.learning.testng.TestNGInvocation" name="launchFacebook" time="5.992"/>
  <system-out/>
  <testcase classname="com.learning.testng.TestNGInvocation" name="launchFacebook" time="5.339"/>
  <system-out/>
</testsuite> <!-- com.learning.testng.TestNGInvocation -->
