<?xml version="1.0" encoding="UTF-8"?>
<!-- Generated by org.testng.reporters.JUnitReportReporter -->
<testsuite hostname="DESKTOP-4A1G1BH" failures="0" tests="1" name="com.learning.testng.TestNGGroup2" time="0.010" errors="0" timestamp="2023-11-01T20:11:08 IST" skipped="0">
  <testcase classname="com.learning.testng.TestNGGroup2" name="testCase4" time="0.010"/>
  <system-out/>
</testsuite> <!-- com.learning.testng.TestNGGroup2 -->
