<?xml version="1.0" encoding="UTF-8"?>
<!-- Generated by org.testng.reporters.JUnitReportReporter -->
<testsuite hostname="DESKTOP-4A1G1BH" failures="0" tests="3" name="com.learning.selenium.TestNGframework" time="0.045" errors="0" timestamp="2023-11-01T06:23:41 IST" skipped="0">
  <testcase classname="com.learning.selenium.TestNGframework" name="testCase2" time="0.009"/>
  <system-out/>
  <testcase classname="com.learning.selenium.TestNGframework" name="testCase3" time="0.012"/>
  <system-out/>
  <testcase classname="com.learning.selenium.TestNGframework" name="testCase1" time="0.024"/>
  <system-out/>
</testsuite> <!-- com.learning.selenium.TestNGframework -->
