<?xml version="1.0" encoding="UTF-8"?>
<!-- Generated by org.testng.reporters.JUnitReportReporter -->
<testsuite hostname="DESKTOP-4A1G1BH" failures="0" tests="3" name="com.learning.selenium.TestNGAnnotations" time="0.026" errors="0" timestamp="2023-11-01T06:28:57 IST" skipped="1">
  <testcase classname="com.learning.selenium.TestNGAnnotations" name="testCase3" time="0.011"/>
  <system-out/>
  <testcase classname="com.learning.selenium.TestNGAnnotations" name="testCase1" time="0.015"/>
  <system-out/>
  <testcase classname="com.learning.selenium.TestNGAnnotations" name="testCase2">
    <skipped/>
  </testcase> <!-- testCase2 -->
  <system-out/>
</testsuite> <!-- com.learning.selenium.TestNGAnnotations -->
